# JRE version: Java(TM) SE Runtime Environment (8.0_20-b26) (build 1.8.0_20-b26)
# Java VM: Java HotSpot(TM) 64-Bit Server VM (25.20-b23 mixed mode bsd-amd64 compressed oops)
Heap:
 PSYoungGen      total 102912K, used 0K [0x00000007b5580000, 0x00000007bcc80000, 0x00000007c0000000)
  eden space 84992K, 0% used [0x00000007b5580000,0x00000007b5580000,0x00000007ba880000)
  from space 17920K, 0% used [0x00000007ba880000,0x00000007ba880000,0x00000007bba00000)
  to   space 18432K, 0% used [0x00000007bba80000,0x00000007bba80000,0x00000007bcc80000)
 ParOldGen       total 109056K, used 33245K [0x00000007a0000000, 0x00000007a6a80000, 0x00000007b5580000)
  object space 109056K, 30% used [0x00000007a0000000,0x00000007a2077620,0x00000007a6a80000)
 Metaspace       used 38579K, capacity 39234K, committed 39808K, reserved 1083392K
  class space    used 5098K, capacity 5343K, committed 5504K, reserved 1048576K
GC Heap History (10 events):
Event: 14439.921 GC heap before
{Heap before GC invocations=37 (full 6):
 PSYoungGen      total 90624K, used 5235K [0x00000007b5580000, 0x00000007bcb80000, 0x00000007c0000000)
  eden space 84992K, 0% used [0x00000007b5580000,0x00000007b5580000,0x00000007ba880000)
  from space 5632K, 92% used [0x00000007ba880000,0x00000007bad9cc20,0x00000007bae00000)
  to   space 17920K, 0% used [0x00000007bba00000,0x00000007bba00000,0x00000007bcb80000)
 ParOldGen       total 109056K, used 29567K [0x00000007a0000000, 0x00000007a6a80000, 0x00000007b5580000)
  object space 109056K, 27% used [0x00000007a0000000,0x00000007a1cdfcc8,0x00000007a6a80000)
 Metaspace       used 38647K, capacity 39426K, committed 39808K, reserved 1083392K
  class space    used 5110K, capacity 5365K, committed 5504K, reserved 1048576K
Event: 14440.048 GC heap after
Heap after GC invocations=37 (full 6):
 PSYoungGen      total 90624K, used 0K [0x00000007b5580000, 0x00000007bcb80000, 0x00000007c0000000)
  eden space 84992K, 0% used [0x00000007b5580000,0x00000007b5580000,0x00000007ba880000)
  from space 5632K, 0% used [0x00000007ba880000,0x00000007ba880000,0x00000007bae00000)
  to   space 17920K, 0% used [0x00000007bba00000,0x00000007bba00000,0x00000007bcb80000)
 ParOldGen       total 109056K, used 30574K [0x00000007a0000000, 0x00000007a6a80000, 0x00000007b5580000)
  object space 109056K, 28% used [0x00000007a0000000,0x00000007a1ddbbc8,0x00000007a6a80000)
 Metaspace       used 38552K, capacity 39234K, committed 39808K, reserved 1083392K
  class space    used 5097K, capacity 5343K, committed 5504K, reserved 1048576K
}
Event: 18040.050 GC heap before
{Heap before GC invocations=38 (full 6):
 PSYoungGen      total 90624K, used 18088K [0x00000007b5580000, 0x00000007bcb80000, 0x00000007c0000000)
  eden space 84992K, 21% used [0x00000007b5580000,0x00000007b672a120,0x00000007ba880000)
  from space 5632K, 0% used [0x00000007ba880000,0x00000007ba880000,0x00000007bae00000)
  to   space 17920K, 0% used [0x00000007bba00000,0x00000007bba00000,0x00000007bcb80000)
 ParOldGen       total 109056K, used 30574K [0x00000007a0000000, 0x00000007a6a80000, 0x00000007b5580000)
  object space 109056K, 28% used [0x00000007a0000000,0x00000007a1ddbbc8,0x00000007a6a80000)
 Metaspace       used 38570K, capacity 39252K, committed 39808K, reserved 1083392K
  class space    used 5099K, capacity 5346K, committed 5504K, reserved 1048576K
Event: 18040.107 GC heap after
Heap after GC invocations=38 (full 6):
 PSYoungGen      total 102912K, used 128K [0x00000007b5580000, 0x00000007bcb80000, 0x00000007c0000000)
  eden space 84992K, 0% used [0x00000007b5580000,0x00000007b5580000,0x00000007ba880000)
  from space 17920K, 0% used [0x00000007bba00000,0x00000007bba20000,0x00000007bcb80000)
  to   space 17920K, 0% used [0x00000007ba880000,0x00000007ba880000,0x00000007bba00000)
 ParOldGen       total 109056K, used 30574K [0x00000007a0000000, 0x00000007a6a80000, 0x00000007b5580000)
  object space 109056K, 28% used [0x00000007a0000000,0x00000007a1ddbbc8,0x00000007a6a80000)
 Metaspace       used 38570K, capacity 39252K, committed 39808K, reserved 1083392K
  class space    used 5099K, capacity 5346K, committed 5504K, reserved 1048576K
}
Event: 18040.107 GC heap before
{Heap before GC invocations=39 (full 7):
 PSYoungGen      total 102912K, used 128K [0x00000007b5580000, 0x00000007bcb80000, 0x00000007c0000000)
  eden space 84992K, 0% used [0x00000007b5580000,0x00000007b5580000,0x00000007ba880000)
  from space 17920K, 0% used [0x00000007bba00000,0x00000007bba20000,0x00000007bcb80000)
  to   space 17920K, 0% used [0x00000007ba880000,0x00000007ba880000,0x00000007bba00000)
 ParOldGen       total 109056K, used 30574K [0x00000007a0000000, 0x00000007a6a80000, 0x00000007b5580000)
  object space 109056K, 28% used [0x00000007a0000000,0x00000007a1ddbbc8,0x00000007a6a80000)
 Metaspace       used 38570K, capacity 39252K, committed 39808K, reserved 1083392K
  class space    used 5099K, capacity 5346K, committed 5504K, reserved 1048576K
Event: 18040.417 GC heap after
Heap after GC invocations=39 (full 7):
 PSYoungGen      total 102912K, used 0K [0x00000007b5580000, 0x00000007bcb80000, 0x00000007c0000000)
  eden space 84992K, 0% used [0x00000007b5580000,0x00000007b5580000,0x00000007ba880000)
  from space 17920K, 0% used [0x00000007bba00000,0x00000007bba00000,0x00000007bcb80000)
  to   space 17920K, 0% used [0x00000007ba880000,0x00000007ba880000,0x00000007bba00000)
 ParOldGen       total 109056K, used 29513K [0x00000007a0000000, 0x00000007a6a80000, 0x00000007b5580000)
  object space 109056K, 27% used [0x00000007a0000000,0x00000007a1cd25d0,0x00000007a6a80000)
 Metaspace       used 38559K, capacity 39234K, committed 39808K, reserved 1083392K
  class space    used 5097K, capacity 5343K, committed 5504K, reserved 1048576K
}
Event: 21640.419 GC heap before
{Heap before GC invocations=40 (full 7):
 PSYoungGen      total 102912K, used 23813K [0x00000007b5580000, 0x00000007bcb80000, 0x00000007c0000000)
  eden space 84992K, 28% used [0x00000007b5580000,0x00000007b6cc1758,0x00000007ba880000)
  from space 17920K, 0% used [0x00000007bba00000,0x00000007bba00000,0x00000007bcb80000)
  to   space 17920K, 0% used [0x00000007ba880000,0x00000007ba880000,0x00000007bba00000)
 ParOldGen       total 109056K, used 29513K [0x00000007a0000000, 0x00000007a6a80000, 0x00000007b5580000)
  object space 109056K, 27% used [0x00000007a0000000,0x00000007a1cd25d0,0x00000007a6a80000)
 Metaspace       used 38591K, capacity 39252K, committed 39808K, reserved 1083392K
  class space    used 5100K, capacity 5346K, committed 5504K, reserved 1048576K
Event: 21640.437 GC heap after
Heap after GC invocations=40 (full 7):
 PSYoungGen      total 102912K, used 11332K [0x00000007b5580000, 0x00000007bcc80000, 0x00000007c0000000)
  eden space 84992K, 0% used [0x00000007b5580000,0x00000007b5580000,0x00000007ba880000)
  from space 17920K, 63% used [0x00000007ba880000,0x00000007bb3913d0,0x00000007bba00000)
  to   space 18432K, 0% used [0x00000007bba80000,0x00000007bba80000,0x00000007bcc80000)
 ParOldGen       total 109056K, used 29521K [0x00000007a0000000, 0x00000007a6a80000, 0x00000007b5580000)
  object space 109056K, 27% used [0x00000007a0000000,0x00000007a1cd45d0,0x00000007a6a80000)
 Metaspace       used 38591K, capacity 39252K, committed 39808K, reserved 1083392K
  class space    used 5100K, capacity 5346K, committed 5504K, reserved 1048576K
}
Event: 21640.438 GC heap before
{Heap before GC invocations=41 (full 8):
 PSYoungGen      total 102912K, used 11332K [0x00000007b5580000, 0x00000007bcc80000, 0x00000007c0000000)
  eden space 84992K, 0% used [0x00000007b5580000,0x00000007b5580000,0x00000007ba880000)
  from space 17920K, 63% used [0x00000007ba880000,0x00000007bb3913d0,0x00000007bba00000)
  to   space 18432K, 0% used [0x00000007bba80000,0x00000007bba80000,0x00000007bcc80000)
 ParOldGen       total 109056K, used 29521K [0x00000007a0000000, 0x00000007a6a80000, 0x00000007b5580000)
  object space 109056K, 27% used [0x00000007a0000000,0x00000007a1cd45d0,0x00000007a6a80000)
 Metaspace       used 38591K, capacity 39252K, committed 39808K, reserved 1083392K
  class space    used 5100K, capacity 5346K, committed 5504K, reserved 1048576K
Event: 21640.634 GC heap after
Heap after GC invocations=41 (full 8):
 PSYoungGen      total 102912K, used 0K [0x00000007b5580000, 0x00000007bcc80000, 0x00000007c0000000)
  eden space 84992K, 0% used [0x00000007b5580000,0x00000007b5580000,0x00000007ba880000)
  from space 17920K, 0% used [0x00000007ba880000,0x00000007ba880000,0x00000007bba00000)
  to   space 18432K, 0% used [0x00000007bba80000,0x00000007bba80000,0x00000007bcc80000)
 ParOldGen       total 109056K, used 33245K [0x00000007a0000000, 0x00000007a6a80000, 0x00000007b5580000)
  object space 109056K, 30% used [0x00000007a0000000,0x00000007a2077620,0x00000007a6a80000)
 Metaspace       used 38579K, capacity 39234K, committed 39808K, reserved 1083392K
  class space    used 5098K, capacity 5343K, committed 5504K, reserved 1048576K
}

