# JRE version: OpenJDK Runtime Environment (8.0_91-b14) (build 1.8.0_91-8u91-b14-3-b14)
# Java VM: OpenJDK 64-Bit Server VM (25.91-b14 mixed mode linux-amd64 compressed oops)
Heap:
 PSYoungGen      total 36864K, used 3879K [0x000000076ab00000, 0x000000076d400000, 0x00000007c0000000)
  eden space 31744K, 12% used [0x000000076ab00000,0x000000076aec9c70,0x000000076ca00000)
  from space 5120K, 0% used [0x000000076cf00000,0x000000076cf00000,0x000000076d400000)
  to   space 5120K, 0% used [0x000000076ca00000,0x000000076ca00000,0x000000076cf00000)
 ParOldGen       total 84992K, used 2626K [0x00000006c0000000, 0x00000006c5300000, 0x000000076ab00000)
  object space 84992K, 3% used [0x00000006c0000000,0x00000006c0290b18,0x00000006c5300000)
 Metaspace       used 19795K, capacity 20062K, committed 20608K, reserved 1067008K
  class space    used 2472K, capacity 2584K, committed 2688K, reserved 1048576K
GC Heap History (10 events):
Event: 2100.410 GC heap before
{Heap before GC invocations=3 (full 1):
 PSYoungGen      total 36864K, used 31744K [0x000000076ab00000, 0x000000076d400000, 0x00000007c0000000)
  eden space 31744K, 100% used [0x000000076ab00000,0x000000076ca00000,0x000000076ca00000)
  from space 5120K, 0% used [0x000000076ca00000,0x000000076ca00000,0x000000076cf00000)
  to   space 5120K, 0% used [0x000000076cf00000,0x000000076cf00000,0x000000076d400000)
 ParOldGen       total 84992K, used 2942K [0x00000006c0000000, 0x00000006c5300000, 0x000000076ab00000)
  object space 84992K, 3% used [0x00000006c0000000,0x00000006c02dfb08,0x00000006c5300000)
 Metaspace       used 19773K, capacity 20130K, committed 20352K, reserved 1067008K
  class space    used 2486K, capacity 2610K, committed 2688K, reserved 1048576K
Event: 2100.414 GC heap after
Heap after GC invocations=3 (full 1):
 PSYoungGen      total 36864K, used 3207K [0x000000076ab00000, 0x000000076d400000, 0x00000007c0000000)
  eden space 31744K, 0% used [0x000000076ab00000,0x000000076ab00000,0x000000076ca00000)
  from space 5120K, 62% used [0x000000076cf00000,0x000000076d221d20,0x000000076d400000)
  to   space 5120K, 0% used [0x000000076ca00000,0x000000076ca00000,0x000000076cf00000)
 ParOldGen       total 84992K, used 2950K [0x00000006c0000000, 0x00000006c5300000, 0x000000076ab00000)
  object space 84992K, 3% used [0x00000006c0000000,0x00000006c02e1b08,0x00000006c5300000)
 Metaspace       used 19773K, capacity 20130K, committed 20352K, reserved 1067008K
  class space    used 2486K, capacity 2610K, committed 2688K, reserved 1048576K
}
Event: 3600.393 GC heap before
{Heap before GC invocations=4 (full 1):
 PSYoungGen      total 36864K, used 13782K [0x000000076ab00000, 0x000000076d400000, 0x00000007c0000000)
  eden space 31744K, 33% used [0x000000076ab00000,0x000000076b553d70,0x000000076ca00000)
  from space 5120K, 62% used [0x000000076cf00000,0x000000076d221d20,0x000000076d400000)
  to   space 5120K, 0% used [0x000000076ca00000,0x000000076ca00000,0x000000076cf00000)
 ParOldGen       total 84992K, used 2950K [0x00000006c0000000, 0x00000006c5300000, 0x000000076ab00000)
  object space 84992K, 3% used [0x00000006c0000000,0x00000006c02e1b08,0x00000006c5300000)
 Metaspace       used 19831K, capacity 20194K, committed 20608K, reserved 1067008K
  class space    used 2486K, capacity 2610K, committed 2688K, reserved 1048576K
Event: 3600.396 GC heap after
Heap after GC invocations=4 (full 1):
 PSYoungGen      total 36864K, used 1810K [0x000000076ab00000, 0x000000076d400000, 0x00000007c0000000)
  eden space 31744K, 0% used [0x000000076ab00000,0x000000076ab00000,0x000000076ca00000)
  from space 5120K, 35% used [0x000000076ca00000,0x000000076cbc4820,0x000000076cf00000)
  to   space 5120K, 0% used [0x000000076cf00000,0x000000076cf00000,0x000000076d400000)
 ParOldGen       total 84992K, used 2958K [0x00000006c0000000, 0x00000006c5300000, 0x000000076ab00000)
  object space 84992K, 3% used [0x00000006c0000000,0x00000006c02e3b08,0x00000006c5300000)
 Metaspace       used 19831K, capacity 20194K, committed 20608K, reserved 1067008K
  class space    used 2486K, capacity 2610K, committed 2688K, reserved 1048576K
}
Event: 3600.396 GC heap before
{Heap before GC invocations=5 (full 2):
 PSYoungGen      total 36864K, used 1810K [0x000000076ab00000, 0x000000076d400000, 0x00000007c0000000)
  eden space 31744K, 0% used [0x000000076ab00000,0x000000076ab00000,0x000000076ca00000)
  from space 5120K, 35% used [0x000000076ca00000,0x000000076cbc4820,0x000000076cf00000)
  to   space 5120K, 0% used [0x000000076cf00000,0x000000076cf00000,0x000000076d400000)
 ParOldGen       total 84992K, used 2958K [0x00000006c0000000, 0x00000006c5300000, 0x000000076ab00000)
  object space 84992K, 3% used [0x00000006c0000000,0x00000006c02e3b08,0x00000006c5300000)
 Metaspace       used 19831K, capacity 20194K, committed 20608K, reserved 1067008K
  class space    used 2486K, capacity 2610K, committed 2688K, reserved 1048576K
Event: 3600.420 GC heap after
Heap after GC invocations=5 (full 2):
 PSYoungGen      total 36864K, used 0K [0x000000076ab00000, 0x000000076d400000, 0x00000007c0000000)
  eden space 31744K, 0% used [0x000000076ab00000,0x000000076ab00000,0x000000076ca00000)
  from space 5120K, 0% used [0x000000076ca00000,0x000000076ca00000,0x000000076cf00000)
  to   space 5120K, 0% used [0x000000076cf00000,0x000000076cf00000,0x000000076d400000)
 ParOldGen       total 84992K, used 2915K [0x00000006c0000000, 0x00000006c5300000, 0x000000076ab00000)
  object space 84992K, 3% used [0x00000006c0000000,0x00000006c02d8c80,0x00000006c5300000)
 Metaspace       used 19831K, capacity 20194K, committed 20608K, reserved 1067008K
  class space    used 2486K, capacity 2610K, committed 2688K, reserved 1048576K
}
Event: 7200.420 GC heap before
{Heap before GC invocations=6 (full 2):
 PSYoungGen      total 36864K, used 20911K [0x000000076ab00000, 0x000000076d400000, 0x00000007c0000000)
  eden space 31744K, 65% used [0x000000076ab00000,0x000000076bf6bc58,0x000000076ca00000)
  from space 5120K, 0% used [0x000000076ca00000,0x000000076ca00000,0x000000076cf00000)
  to   space 5120K, 0% used [0x000000076cf00000,0x000000076cf00000,0x000000076d400000)
 ParOldGen       total 84992K, used 2915K [0x00000006c0000000, 0x00000006c5300000, 0x000000076ab00000)
  object space 84992K, 3% used [0x00000006c0000000,0x00000006c02d8c80,0x00000006c5300000)
 Metaspace       used 19868K, capacity 20194K, committed 20608K, reserved 1067008K
  class space    used 2486K, capacity 2610K, committed 2688K, reserved 1048576K
Event: 7200.421 GC heap after
Heap after GC invocations=6 (full 2):
 PSYoungGen      total 36864K, used 128K [0x000000076ab00000, 0x000000076d400000, 0x00000007c0000000)
  eden space 31744K, 0% used [0x000000076ab00000,0x000000076ab00000,0x000000076ca00000)
  from space 5120K, 2% used [0x000000076cf00000,0x000000076cf20000,0x000000076d400000)
  to   space 5120K, 0% used [0x000000076ca00000,0x000000076ca00000,0x000000076cf00000)
 ParOldGen       total 84992K, used 2923K [0x00000006c0000000, 0x00000006c5300000, 0x000000076ab00000)
  object space 84992K, 3% used [0x00000006c0000000,0x00000006c02dac80,0x00000006c5300000)
 Metaspace       used 19868K, capacity 20194K, committed 20608K, reserved 1067008K
  class space    used 2486K, capacity 2610K, committed 2688K, reserved 1048576K
}
Event: 7200.421 GC heap before
{Heap before GC invocations=7 (full 3):
 PSYoungGen      total 36864K, used 128K [0x000000076ab00000, 0x000000076d400000, 0x00000007c0000000)
  eden space 31744K, 0% used [0x000000076ab00000,0x000000076ab00000,0x000000076ca00000)
  from space 5120K, 2% used [0x000000076cf00000,0x000000076cf20000,0x000000076d400000)
  to   space 5120K, 0% used [0x000000076ca00000,0x000000076ca00000,0x000000076cf00000)
 ParOldGen       total 84992K, used 2923K [0x00000006c0000000, 0x00000006c5300000, 0x000000076ab00000)
  object space 84992K, 3% used [0x00000006c0000000,0x00000006c02dac80,0x00000006c5300000)
 Metaspace       used 19868K, capacity 20194K, committed 20608K, reserved 1067008K
  class space    used 2486K, capacity 2610K, committed 2688K, reserved 1048576K
Event: 7200.448 GC heap after
Heap after GC invocations=7 (full 3):
 PSYoungGen      total 36864K, used 0K [0x000000076ab00000, 0x000000076d400000, 0x00000007c0000000)
  eden space 31744K, 0% used [0x000000076ab00000,0x000000076ab00000,0x000000076ca00000)
  from space 5120K, 0% used [0x000000076cf00000,0x000000076cf00000,0x000000076d400000)
  to   space 5120K, 0% used [0x000000076ca00000,0x000000076ca00000,0x000000076cf00000)
 ParOldGen       total 84992K, used 2626K [0x00000006c0000000, 0x00000006c5300000, 0x000000076ab00000)
  object space 84992K, 3% used [0x00000006c0000000,0x00000006c0290b18,0x00000006c5300000)
 Metaspace       used 19785K, capacity 20062K, committed 20608K, reserved 1067008K
  class space    used 2472K, capacity 2584K, committed 2688K, reserved 1048576K
}

